❌ NO MATCH: "Rosé" (Château feuillet) - Best Wine: "Torrette (0.375 L) | 2023" (23) - Best Winery: "Château Feuillet" (0)
❌ NO MATCH: "Beato Emerico" (Società agricola Pierre Philippe Quinson) - Best Wine: "Saro Djablo" (9) - Best Winery: "Pierre Philippe QUINSON" (17)
❌ NO MATCH: "Les deux petits coeurs" (Anselmet) - Best Wine: "Nevecrino Extra Brut – Chemin" (22) - Best Winery: "Chemin" (6)
❌ NO MATCH: "Buondonno rosato IGT" (Casavecchia) - Best Wine: "Balteo – ViniRari" (16) - Best Winery: "Chemin" (8)
❌ NO MATCH: "Marinetto" (Sergio Arcuri) - Best Wine: "Saro Djablo" (8) - Best Winery: "Di Barrò" (9)
❌ NO MATCH: "IGT Isola dei nuraghi Assajé" (Capichera) - Best Wine: "Merlot – Vallée d’Aoste D.O.C." (25) - Best Winery: "La Kiuva" (7)
❌ NO MATCH: "IGT Isola dei nuraghi Cagnulari" (Capichera) - Best Wine: "Merlot – Vallée d’Aoste D.O.C." (28) - Best Winery: "La Kiuva" (7)
❌ NO MATCH: "IGT Isola dei nuraghi Luzzana" (Capichera) - Best Wine: "Merlot – Vallée d’Aoste D.O.C." (26) - Best Winery: "La Kiuva" (7)
❌ NO MATCH: "Nebbiolo Donnas" (Cave cooperative Donnas) - Best Wine: "Donnas | 2019/2020" (17) - Best Winery: "Caves Coopératives de Donnas" (5)
❌ NO MATCH: "Torrette" (Cave Onze Communes) - Best Wine: "Blanc Perdrix – Vino Bianco" (25) - Best Winery: "Cave des Onze Communes" (4)
❌ NO MATCH: "Torrette" (Chateau feuillet) - Best Wine: "Torrette (0.375 L) | 2023" (17) - Best Winery: "Château Feuillet" (0)
❌ NO MATCH: "Fumin" (Crotta de Vegneron) - Best Wine: "Fumin (0.375 L) | 2019" (17) - Best Winery: "La Crotta di Vegneron" (4)
❌ NO MATCH: "Barbera Battaglione" (Renato Ratti) - Best Wine: "Saro Djablo" (13) - Best Winery: "Edoardo Braga" (9)
❌ NO MATCH: "Barbera La luna e i falò" (Vite colte) - Best Wine: "Balteo – ViniRari" (16) - Best Winery: "Di Barrò" (8)
❌ NO MATCH: "Barolo Stelvin" (Sordo Giovanni) - Best Wine: "Saro Djablo" (10) - Best Winery: "Noussan Vini" (10)
❌ NO MATCH: "Muscat Chambave" (Crotta de Vegneron) - Best Wine: "Fumin (0.375 L) | 2019" (20) - Best Winery: "La Crotta di Vegneron" (4)
❌ NO MATCH: "Muller Thurgau" (Cave Onze Communes) - Best Wine: "Muller Thurgau (0.375 L) | 2023" (17) - Best Winery: "Cave des Onze Communes" (4)
❌ NO MATCH: "Blanc de Morgex" (Cave Mont Blanc) - Best Wine: "Saro Djablo" (12) - Best Winery: "Cave Gargantua" (10)
❌ NO MATCH: "Muscat Petit Grain Flétry" (Cave Onze Communes) - Best Wine: "Blanc Perdrix – Vino Bianco" (20) - Best Winery: "Cave des Onze Communes" (4)
❌ NO MATCH: "Moscato Passito Gargantua" (La Cantina di Cuneaz Nadir) - Best Wine: "L’Entso – Vino Rosso" (19) - Best Winery: "La Cantina di Cunéaz Nadir" (0)
❌ NO MATCH: "Nus Malvoisie Flétry" (Les Granges) - Best Wine: "Nus Malvoisie – Pinot Gris D.O.C." (16) - Best Winery: "Les Granges" (0)
❌ NO MATCH: "Piemonte Moscato Passito" (Vite Colte) - Best Wine: "L’Entso – Vino Rosso" (16) - Best Winery: "Di Barrò" (8)
❌ NO MATCH: "Mosto d'uva parzialmente fermentato" (Marco Canato) - Best Wine: "Les Deux Petits Cœurs – Rosato" (24) - Best Winery: "Maison Vagneur" (8)
❌ NO MATCH: "Moscato d'Asti Casa di Bianca" (Gianni Doglia) - Best Wine: "Saro Djablo C.A.L.O.U." (18) - Best Winery: "Piantagrossa" (8)
❌ NO MATCH: "Erbaluce Biancone" (Piantagrossa) - Best Wine: "BIANC˃ONE – Vallée d’Aoste D.O.C." (25) - Best Winery: "Piantagrossa" (0)
❌ NO MATCH: "Chambave Muscat" (La Crotta de Vegneron) - Best Wine: "Chambave Muscat (0.375 L) | 2023" (17) - Best Winery: "La Crotta di Vegneron" (1)
❌ NO MATCH: "Nus Malvoisie" (Les Granges) - Best Wine: "Fumin Magnum " (11) - Best Winery: "Les Granges" (0)
❌ NO MATCH: "Chardonnay" (Grosjean) - Best Wine: "Chardonnay – Vallée d’Aoste D.O.C." (23) - Best Winery: "Grosjean Vins" (5)
❌ NO MATCH: "Pinot Gris" (Noussan Franco) - Best Wine: "Pinot Gris "Tzanté" – Vallée d’Aoste D.O.C." (32) - Best Winery: "Noussan Vini" (5)
❌ NO MATCH: "Petite Arvine" (Rosset terroir) - Best Wine: "Petite Arvine – Vallée d’Aoste DOP" (21) - Best Winery: "Rosset Terroir" (0)
❌ NO MATCH: "Gewurztraminer Vin de la fée" (Cave Gargantua) - Best Wine: "Pinot Gris – Vallée d’Aoste D.O.C." (27) - Best Winery: "Cave Gargantua" (0)
❌ NO MATCH: "Pinot Gris" (Cave Gargantua) - Best Wine: "Pinot Gris – Vallée d’Aoste D.O.C." (23) - Best Winery: "Cave Gargantua" (0)
❌ NO MATCH: "Daphne" (Cave Gargantua) - Best Wine: "Daphne – Vallée d’Aoste Blanc D.O.C." (29) - Best Winery: "Cave Gargantua" (0)
❌ NO MATCH: "Chardonnay Di noutro" (Diego Curtaz) - Best Wine: "Saro Djablo" (14) - Best Winery: "Di Barrò" (8)
❌ NO MATCH: "Gewurztraminer Grapillon" (Feudo di San Maurizio) - Best Wine: "Saro Djablo" (19) - Best Winery: "Feudo di San Maurizio" (0)
❌ NO MATCH: "Petite Arvine" (Château Feuillet) - Best Wine: "Torrette (0.375 L) | 2023" (21) - Best Winery: "Château Feuillet" (0)
❌ NO MATCH: "Petite Arvine" (Di Francesco Gasperi) - Best Wine: "Petit Bout de Lune" (10) - Best Winery: "Piantagrossa" (15)
❌ NO MATCH: "Fumin" (Lo Triolet) - Best Wine: "Fumin – Valle d’Aosta DOC" (20) - Best Winery: "Lo Triolet" (0)
❌ NO MATCH: "Coteau Barrage" (Lo Triolet) - Best Wine: "Fumin – Valle d’Aosta DOC" (21) - Best Winery: "Lo Triolet" (0)
❌ NO MATCH: "Heritage" (Lo Triolet) - Best Wine: "Heritage – Valle d’Aosta DOC" (20) - Best Winery: "Lo Triolet" (0)
❌ NO MATCH: "Maurice" (Danilo Thomain) - Best Wine: "Maurice – Vallée d’Aoste D.O.C." (23) - Best Winery: "Danilo Thomain" (0)
❌ NO MATCH: "Enfer d'Arvier" (Danilo Thomain) - Best Wine: "Enfer d’Arvier – Vallée d’Aoste D.O.C." (23) - Best Winery: "Danilo Thomain" (0)
❌ NO MATCH: "Enfer d'Arvier" (Coenfer) - Best Wine: "Nevecrino Extra Brut – Chemin" (22) - Best Winery: "Chemin" (5)
❌ NO MATCH: "Donnas" (Caves Cooperatives de Donnas) - Best Wine: "Donnas | 2019/2020" (12) - Best Winery: "Caves Coopératives de Donnas" (0)
❌ NO MATCH: "Donnas" (Caves Cooperatives de Donnas) - Best Wine: "Donnas | 2019/2020" (12) - Best Winery: "Caves Coopératives de Donnas" (0)
❌ NO MATCH: "Donnas Vieilles Vignes" (Caves Cooperatives de Donnas) - Best Wine: "Donnas | 2019/2020" (14) - Best Winery: "Caves Coopératives de Donnas" (0)
❌ NO MATCH: "Nebbiolo Barmet" (Caves Cooperatives de Donnas) - Best Wine: "Donnas | 2019/2020" (17) - Best Winery: "Caves Coopératives de Donnas" (0)
❌ NO MATCH: "Nebbiolo Picotendro" (Caves Cooperatives de Donnas) - Best Wine: "Donnas | 2019/2020" (18) - Best Winery: "Caves Coopératives de Donnas" (0)
❌ NO MATCH: "Georgos" (Piantagrossa) - Best Wine: "BIANC˃ONE – Vallée d’Aoste D.O.C." (29) - Best Winery: "Piantagrossa" (0)
❌ NO MATCH: "396" (Piantagrossa) - Best Wine: "BIANC˃ONE – Vallée d’Aoste D.O.C." (32) - Best Winery: "Piantagrossa" (0)
❌ NO MATCH: "Dessus" (Piantagrossa) - Best Wine: "BIANC˃ONE – Vallée d’Aoste D.O.C." (30) - Best Winery: "Piantagrossa" (0)
❌ NO MATCH: "Donnas" (Piantagrossa) - Best Wine: "BIANC˃ONE – Vallée d’Aoste D.O.C." (28) - Best Winery: "Piantagrossa" (0)
❌ NO MATCH: "Fumin" (Piantagrossa) - Best Wine: "BIANC˃ONE – Vallée d’Aoste D.O.C." (31) - Best Winery: "Piantagrossa" (0)
❌ NO MATCH: "Torrette" (Château Feuillet) - Best Wine: "Torrette (0.375 L) | 2023" (17) - Best Winery: "Château Feuillet" (0)
❌ NO MATCH: "Torrette Supérieur" (Château Feuillet) - Best Wine: "Torrette (0.375 L) | 2023" (16) - Best Winery: "Château Feuillet" (0)
❌ NO MATCH: "Fumin" (Château Feuillet) - Best Wine: "Torrette (0.375 L) | 2023" (25) - Best Winery: "Château Feuillet" (0)
❌ NO MATCH: "Syrah" (Château Feuillet) - Best Wine: "Torrette (0.375 L) | 2023" (24) - Best Winery: "Château Feuillet" (0)
❌ NO MATCH: "Torrette" (Cave des Onze Communes) - Best Wine: "Blanc Perdrix – Vino Bianco" (25) - Best Winery: "Cave des Onze Communes" (0)
❌ NO MATCH: "Torrette Supérieur" (Cave des Onze Communes) - Best Wine: "Blanc Perdrix – Vino Bianco" (23) - Best Winery: "Cave des Onze Communes" (0)
❌ NO MATCH: "Fumin" (Cave des Onze Communes) - Best Wine: "Blanc Perdrix – Vino Bianco" (25) - Best Winery: "Cave des Onze Communes" (0)
❌ NO MATCH: "Cornalin" (Cave des Onze Communes) - Best Wine: "Blanc Perdrix – Vino Bianco" (22) - Best Winery: "Cave des Onze Communes" (0)
❌ NO MATCH: "Mayolet" (Cave des Onze Communes) - Best Wine: "Mayolet – Vallée d’Aoste D.O.C." (23) - Best Winery: "Cave des Onze Communes" (0)
❌ NO MATCH: "Gamay" (Cave des Onze Communes) - Best Wine: "Blanc Perdrix – Vino Bianco" (25) - Best Winery: "Cave des Onze Communes" (0)
❌ NO MATCH: "Pinot Noir" (Cave des Onze Communes) - Best Wine: "Blanc Perdrix – Vino Bianco" (21) - Best Winery: "Cave des Onze Communes" (0)
❌ NO MATCH: "Impérial" (Cave des Onze Communes) - Best Wine: "Blanc Perdrix – Vino Bianco" (22) - Best Winery: "Cave des Onze Communes" (0)
❌ NO MATCH: "Refrain" (Cave des Onze Communes) - Best Wine: "Blanc Perdrix – Vino Bianco" (23) - Best Winery: "Cave des Onze Communes" (0)
❌ NO MATCH: "Mon Ross" (Cave Mont Blanc) - Best Wine: "SI" (7) - Best Winery: "Cave Gargantua" (10)
✅ MATCH: "X.T." (Cave Mont Blanc) -> "SI" (Winery: Cave Gargantua) [Dist: 3]
❌ NO MATCH: "Cuvée du Prince" (Cave Mont Blanc) - Best Wine: "Syrah / Shiraz" (12) - Best Winery: "Cave Gargantua" (10)
✅ MATCH: "1187" (Cave Mont Blanc) -> "SI" (Winery: Cave Gargantua) [Dist: 4]
✅ MATCH: "4478" (Cave Mont Blanc) -> "SI" (Winery: Cave Gargantua) [Dist: 4]

Updated 3 wines.
Could not match 68 items.
Database saved.
Unmatched items saved to unmatched_prices.json
